2025-11-27 10:01:50,095 - core.config_manager - INFO - 配置保存成功
2025-11-27 10:05:20,492 - core.config_manager - INFO - 配置保存成功
2025-11-27 10:05:44,198 - core.config_manager - INFO - 配置保存成功
2025-11-27 10:08:22,772 - core.config_manager - INFO - 配置保存成功
2025-11-27 11:32:25,702 - core.config_manager - INFO - 配置保存成功
2025-11-27 11:32:40,891 - core.config_manager - INFO - 配置保存成功
2025-11-27 11:32:40,893 - core.config_manager - INFO - 配置保存成功
2025-11-27 11:32:40,894 - core.config_manager - INFO - 配置保存成功
2025-11-27 11:32:46,297 - core.database_manager - ERROR - MySQL连接错误: 2003 (HY000): Can't connect to MySQL server on 'localhost:3306' (10061)
2025-11-27 11:33:47,028 - core.config_manager - INFO - 配置保存成功
2025-11-27 11:33:47,030 - core.config_manager - INFO - 配置保存成功
2025-11-27 11:33:47,031 - core.config_manager - INFO - 配置保存成功
2025-11-27 11:33:52,365 - core.database_manager - ERROR - MySQL连接错误: 2003 (HY000): Can't connect to MySQL server on 'localhost:3306' (10061)
2025-11-27 11:33:54,339 - core.config_manager - INFO - 配置保存成功
2025-11-27 11:33:54,340 - core.config_manager - INFO - 配置保存成功
2025-11-27 11:33:54,341 - core.config_manager - INFO - 配置保存成功
2025-11-27 11:33:59,641 - core.database_manager - ERROR - MySQL连接错误: 2003 (HY000): Can't connect to MySQL server on 'localhost:3306' (10061)
2025-11-27 11:34:02,645 - core.config_manager - INFO - 配置保存成功
2025-11-27 13:32:37,216 - core.database_manager - INFO - 成功连接到SQLite数据库: password_manager.db
2025-11-27 13:32:37,231 - core.database_manager - INFO - 数据库表初始化完成
2025-11-28 07:44:29,982 - core.database_manager - INFO - 成功连接到SQLite数据库: password_manager.db
2025-11-28 07:44:29,987 - core.database_manager - INFO - 数据库表初始化完成
2025-11-28 07:46:03,333 - core.database_manager - INFO - 成功连接到SQLite数据库: password_manager.db
2025-11-28 07:46:03,334 - core.database_manager - INFO - 数据库表初始化完成
2025-11-28 08:04:39,810 - core.database_manager - INFO - 成功连接到SQLite数据库: password_manager.db
2025-11-28 08:04:39,811 - core.database_manager - INFO - 数据库表初始化完成
2025-11-28 08:05:06,241 - core.database_manager - INFO - 成功添加记录: 测试
2025-11-28 08:05:06,251 - gui.main_window - ERROR - 加载条目错误: 'str' object has no attribute 'strftime'
2025-11-28 08:12:10,440 - core.database_manager - INFO - 成功连接到SQLite数据库: password_manager.db
2025-11-28 08:12:10,442 - core.database_manager - INFO - 数据库表初始化完成
2025-11-28 08:12:32,055 - gui.main_window - ERROR - 复制密码错误: name 'QApplication' is not defined
2025-11-28 08:12:36,913 - __main__ - CRITICAL - 未处理的异常:
Traceback (most recent call last):
  File "D:\Projects\PyCharm\passwdmgr\gui\main_window.py", line 388, in on_copy_username
    clipboard = QApplication.clipboard()
                ^^^^^^^^^^^^
NameError: name 'QApplication' is not defined

2025-11-28 08:17:33,271 - core.database_manager - INFO - 成功连接到SQLite数据库: password_manager.db
2025-11-28 08:17:33,273 - core.database_manager - INFO - 数据库表初始化完成
2025-11-28 08:18:15,240 - core.database_manager - INFO - 数据库连接已关闭
2025-11-28 08:18:15,243 - core.config_manager - INFO - 配置保存成功
2025-11-28 08:25:22,029 - core.database_manager - INFO - 成功连接到SQLite数据库: password_manager.db
2025-11-28 08:25:22,030 - core.database_manager - INFO - 数据库表初始化完成
2025-11-28 08:26:05,321 - core.database_manager - INFO - 成功添加记录: 测试2
2025-11-28 08:26:24,089 - core.database_manager - INFO - 成功更新记录: 测试
2025-11-28 08:27:30,491 - core.database_manager - INFO - 数据库连接已关闭
2025-11-28 08:27:30,492 - core.config_manager - INFO - 配置保存成功
2025-11-28 08:36:03,702 - core.database_manager - INFO - 成功连接到SQLite数据库: password_manager.db
2025-11-28 08:36:03,703 - core.database_manager - INFO - 数据库表初始化完成
2025-11-28 08:36:09,741 - core.database_manager - INFO - 数据库连接已关闭
2025-11-28 08:36:09,757 - core.config_manager - INFO - 配置保存成功
2025-11-28 10:38:24,010 - core.database_manager - INFO - 成功连接到SQLite数据库: password_manager.db
2025-11-28 10:38:24,011 - core.database_manager - INFO - 数据库表初始化完成
2025-11-28 10:38:38,488 - __main__ - CRITICAL - 未处理的异常:
Traceback (most recent call last):
  File "D:\Projects\PyCharm\passwdmgr\gui\main_window.py", line 577, in on_settings
    dialog = SettingsDialog(self.config_manager, self)
             ^^^^^^^^^^^^^^^^^^^^^^^^^^^^^^^^^^^^^^^^^
  File "D:\Projects\PyCharm\passwdmgr\gui\settings_dialog.py", line 22, in __init__
    self.setup_ui()
  File "D:\Projects\PyCharm\passwdmgr\gui\settings_dialog.py", line 50, in setup_ui
    self.setup_categories_tab()
  File "D:\Projects\PyCharm\passwdmgr\gui\settings_dialog.py", line 223, in setup_categories_tab
    self.categories_preview = QTextEdit()
                              ^^^^^^^^^
NameError: name 'QTextEdit' is not defined

2025-11-28 10:38:46,776 - core.database_manager - INFO - 数据库连接已关闭
2025-11-28 10:38:46,778 - core.config_manager - INFO - 配置保存成功
2025-11-28 10:41:24,295 - core.database_manager - INFO - 成功连接到SQLite数据库: password_manager.db
2025-11-28 10:41:24,295 - core.database_manager - INFO - 数据库表初始化完成
2025-11-28 10:41:39,547 - __main__ - CRITICAL - 未处理的异常:
Traceback (most recent call last):
  File "D:\Projects\PyCharm\passwdmgr\gui\settings_dialog.py", line 233, in on_test_connection
    from ..core.database_manager import DatabaseManager
ImportError: attempted relative import beyond top-level package

2025-11-28 10:41:51,447 - core.database_manager - INFO - 数据库连接已关闭
2025-11-28 10:41:51,449 - core.config_manager - INFO - 配置保存成功
2025-11-28 15:22:16,825 - core.database_manager - INFO - 成功连接到SQLite数据库: password_manager.db
2025-11-28 15:22:16,829 - core.database_manager - INFO - 数据库表初始化完成
2025-11-28 15:22:53,935 - core.database_manager - INFO - 数据库连接已关闭
2025-11-28 15:22:53,941 - core.config_manager - INFO - 配置保存成功
2025-11-28 15:26:29,493 - core.database_manager - INFO - 成功连接到SQLite数据库: password_manager.db
2025-11-28 15:26:29,493 - core.database_manager - INFO - 数据库表初始化完成
2025-11-28 15:27:10,976 - core.database_manager - INFO - 成功添加记录: 测试3
2025-11-28 15:27:19,401 - __main__ - CRITICAL - 未处理的异常:
Traceback (most recent call last):
  File "D:\Projects\PyCharm\passwdmgr\gui\main_window.py", line 448, in on_edit_entry
    dialog = AddEditDialog(self.database_manager, self.encryption_manager,
             ^^^^^^^^^^^^^^^^^^^^^^^^^^^^^^^^^^^^^^^^^^^^^^^^^^^^^^^^^^^^^
  File "D:\Projects\PyCharm\passwdmgr\gui\add_edit_dialog.py", line 46, in __init__
    self.load_entry_data()
    ^^^^^^^^^^^^^^^^^^^^
AttributeError: 'AddEditDialog' object has no attribute 'load_entry_data'

2025-11-28 15:28:52,642 - core.database_manager - INFO - 成功连接到SQLite数据库: password_manager.db
2025-11-28 15:28:52,642 - core.database_manager - INFO - 数据库表初始化完成
2025-11-28 15:29:03,176 - core.database_manager - INFO - 成功更新记录: 测试
2025-11-28 15:29:14,639 - core.database_manager - INFO - 成功添加记录: 111
2025-11-28 15:29:17,026 - core.database_manager - INFO - 成功删除记录 ID: 1
2025-11-28 15:29:20,979 - core.database_manager - INFO - 成功删除记录 ID: 4
2025-11-28 15:29:33,321 - core.config_manager - INFO - 配置保存成功
2025-11-28 15:29:50,943 - core.database_manager - INFO - 成功添加记录: demo分类测试
2025-11-28 15:31:25,174 - core.database_manager - INFO - 数据库连接已关闭
2025-11-28 15:31:25,188 - core.config_manager - INFO - 配置保存成功
2025-11-29 00:25:36,618 - core.database_manager - INFO - 成功连接到SQLite数据库: password_manager.db
2025-11-29 00:25:36,619 - core.database_manager - INFO - 数据库表初始化完成
2025-11-29 00:26:15,716 - __main__ - CRITICAL - 未处理的异常:
Traceback (most recent call last):
  File "C:\Projects\PyCharm\passwdmgr\gui\change_master_password_dialog.py", line 120, in on_password_changed
    self.change_button.setEnabled(enable_button)
    ~~~~~~~~~~~~~~~~~~~~~~~~~~~~~^^^^^^^^^^^^^^^
TypeError: setEnabled(self, a0: bool): argument 1 has unexpected type 'str'

2025-11-29 00:26:15,827 - __main__ - CRITICAL - 未处理的异常:
Traceback (most recent call last):
  File "C:\Projects\PyCharm\passwdmgr\gui\change_master_password_dialog.py", line 120, in on_password_changed
    self.change_button.setEnabled(enable_button)
    ~~~~~~~~~~~~~~~~~~~~~~~~~~~~~^^^^^^^^^^^^^^^
TypeError: setEnabled(self, a0: bool): argument 1 has unexpected type 'str'

2025-11-29 00:26:16,016 - __main__ - CRITICAL - 未处理的异常:
Traceback (most recent call last):
  File "C:\Projects\PyCharm\passwdmgr\gui\change_master_password_dialog.py", line 120, in on_password_changed
    self.change_button.setEnabled(enable_button)
    ~~~~~~~~~~~~~~~~~~~~~~~~~~~~~^^^^^^^^^^^^^^^
TypeError: setEnabled(self, a0: bool): argument 1 has unexpected type 'str'

2025-11-29 00:26:16,218 - __main__ - CRITICAL - 未处理的异常:
Traceback (most recent call last):
  File "C:\Projects\PyCharm\passwdmgr\gui\change_master_password_dialog.py", line 120, in on_password_changed
    self.change_button.setEnabled(enable_button)
    ~~~~~~~~~~~~~~~~~~~~~~~~~~~~~^^^^^^^^^^^^^^^
TypeError: setEnabled(self, a0: bool): argument 1 has unexpected type 'str'

2025-11-29 00:26:16,297 - __main__ - CRITICAL - 未处理的异常:
Traceback (most recent call last):
  File "C:\Projects\PyCharm\passwdmgr\gui\change_master_password_dialog.py", line 120, in on_password_changed
    self.change_button.setEnabled(enable_button)
    ~~~~~~~~~~~~~~~~~~~~~~~~~~~~~^^^^^^^^^^^^^^^
TypeError: setEnabled(self, a0: bool): argument 1 has unexpected type 'str'

2025-11-29 00:26:16,481 - __main__ - CRITICAL - 未处理的异常:
Traceback (most recent call last):
  File "C:\Projects\PyCharm\passwdmgr\gui\change_master_password_dialog.py", line 120, in on_password_changed
    self.change_button.setEnabled(enable_button)
    ~~~~~~~~~~~~~~~~~~~~~~~~~~~~~^^^^^^^^^^^^^^^
TypeError: setEnabled(self, a0: bool): argument 1 has unexpected type 'str'

2025-11-29 00:26:16,713 - __main__ - CRITICAL - 未处理的异常:
Traceback (most recent call last):
  File "C:\Projects\PyCharm\passwdmgr\gui\change_master_password_dialog.py", line 120, in on_password_changed
    self.change_button.setEnabled(enable_button)
    ~~~~~~~~~~~~~~~~~~~~~~~~~~~~~^^^^^^^^^^^^^^^
TypeError: setEnabled(self, a0: bool): argument 1 has unexpected type 'str'

2025-11-29 00:26:16,836 - __main__ - CRITICAL - 未处理的异常:
Traceback (most recent call last):
  File "C:\Projects\PyCharm\passwdmgr\gui\change_master_password_dialog.py", line 120, in on_password_changed
    self.change_button.setEnabled(enable_button)
    ~~~~~~~~~~~~~~~~~~~~~~~~~~~~~^^^^^^^^^^^^^^^
TypeError: setEnabled(self, a0: bool): argument 1 has unexpected type 'str'

2025-11-29 00:26:20,400 - __main__ - CRITICAL - 未处理的异常:
Traceback (most recent call last):
  File "C:\Projects\PyCharm\passwdmgr\gui\change_master_password_dialog.py", line 120, in on_password_changed
    self.change_button.setEnabled(enable_button)
    ~~~~~~~~~~~~~~~~~~~~~~~~~~~~~^^^^^^^^^^^^^^^
TypeError: setEnabled(self, a0: bool): argument 1 has unexpected type 'str'

2025-11-29 00:26:20,728 - __main__ - CRITICAL - 未处理的异常:
Traceback (most recent call last):
  File "C:\Projects\PyCharm\passwdmgr\gui\change_master_password_dialog.py", line 120, in on_password_changed
    self.change_button.setEnabled(enable_button)
    ~~~~~~~~~~~~~~~~~~~~~~~~~~~~~^^^^^^^^^^^^^^^
TypeError: setEnabled(self, a0: bool): argument 1 has unexpected type 'str'

2025-11-29 00:26:20,889 - __main__ - CRITICAL - 未处理的异常:
Traceback (most recent call last):
  File "C:\Projects\PyCharm\passwdmgr\gui\change_master_password_dialog.py", line 120, in on_password_changed
    self.change_button.setEnabled(enable_button)
    ~~~~~~~~~~~~~~~~~~~~~~~~~~~~~^^^^^^^^^^^^^^^
TypeError: setEnabled(self, a0: bool): argument 1 has unexpected type 'str'

2025-11-29 00:26:26,964 - __main__ - CRITICAL - 未处理的异常:
Traceback (most recent call last):
  File "C:\Projects\PyCharm\passwdmgr\gui\change_master_password_dialog.py", line 120, in on_password_changed
    self.change_button.setEnabled(enable_button)
    ~~~~~~~~~~~~~~~~~~~~~~~~~~~~~^^^^^^^^^^^^^^^
TypeError: setEnabled(self, a0: bool): argument 1 has unexpected type 'str'

2025-11-29 00:26:27,177 - __main__ - CRITICAL - 未处理的异常:
Traceback (most recent call last):
  File "C:\Projects\PyCharm\passwdmgr\gui\change_master_password_dialog.py", line 120, in on_password_changed
    self.change_button.setEnabled(enable_button)
    ~~~~~~~~~~~~~~~~~~~~~~~~~~~~~^^^^^^^^^^^^^^^
TypeError: setEnabled(self, a0: bool): argument 1 has unexpected type 'str'

2025-11-29 00:26:27,363 - __main__ - CRITICAL - 未处理的异常:
Traceback (most recent call last):
  File "C:\Projects\PyCharm\passwdmgr\gui\change_master_password_dialog.py", line 120, in on_password_changed
    self.change_button.setEnabled(enable_button)
    ~~~~~~~~~~~~~~~~~~~~~~~~~~~~~^^^^^^^^^^^^^^^
TypeError: setEnabled(self, a0: bool): argument 1 has unexpected type 'str'

2025-11-29 00:26:27,528 - __main__ - CRITICAL - 未处理的异常:
Traceback (most recent call last):
  File "C:\Projects\PyCharm\passwdmgr\gui\change_master_password_dialog.py", line 120, in on_password_changed
    self.change_button.setEnabled(enable_button)
    ~~~~~~~~~~~~~~~~~~~~~~~~~~~~~^^^^^^^^^^^^^^^
TypeError: setEnabled(self, a0: bool): argument 1 has unexpected type 'str'

2025-11-29 00:26:33,961 - core.database_manager - INFO - 数据库连接已关闭
2025-11-29 00:26:33,961 - core.config_manager - INFO - 配置保存成功
2025-11-29 00:31:06,717 - core.database_manager - INFO - 成功连接到SQLite数据库: password_manager.db
2025-11-29 00:31:06,717 - core.database_manager - INFO - 数据库表初始化完成
2025-11-29 00:31:39,220 - core.database_manager - INFO - 成功更新记录: demo分类测试
2025-11-29 00:31:39,260 - core.database_manager - INFO - 成功更新记录: 测试2
2025-11-29 00:31:39,330 - core.database_manager - INFO - 成功更新记录: 测试3
2025-11-29 00:33:53,238 - core.database_manager - INFO - 数据库连接已关闭
2025-11-29 00:33:53,239 - core.config_manager - INFO - 配置保存成功
2025-11-29 07:43:03,439 - core.database_manager - INFO - 成功连接到SQLite数据库: password_manager.db
2025-11-29 07:43:03,441 - core.database_manager - INFO - 数据库表初始化完成
2025-11-29 07:43:15,213 - core.database_manager - ERROR - 创建验证令牌失败: attempted relative import beyond top-level package
2025-11-29 07:43:22,685 - core.database_manager - INFO - 数据库连接已关闭
2025-11-29 07:43:22,686 - core.config_manager - INFO - 配置保存成功
2025-11-29 07:45:47,715 - core.database_manager - INFO - 成功连接到SQLite数据库: password_manager.db
2025-11-29 07:45:47,716 - core.database_manager - INFO - 数据库表初始化完成
2025-11-29 07:45:55,227 - core.database_manager - ERROR - 创建验证令牌失败: no such table: user_config
2025-11-29 07:45:56,770 - core.database_manager - ERROR - 创建验证令牌失败: no such table: user_config
2025-11-29 07:46:02,428 - core.database_manager - INFO - 数据库连接已关闭
2025-11-29 07:46:02,429 - core.config_manager - INFO - 配置保存成功
2025-11-29 07:49:46,230 - core.database_manager - INFO - 成功连接到SQLite数据库: password_manager.db
2025-11-29 07:49:46,242 - core.database_manager - INFO - 数据库表初始化完成
2025-11-29 07:50:12,519 - core.encryption_manager - ERROR - 解密失败: 
2025-11-29 07:50:38,238 - core.database_manager - INFO - 数据库连接已关闭
2025-11-29 07:50:38,239 - core.config_manager - INFO - 配置保存成功
2025-11-30 10:26:39,722 - core.database_manager - INFO - 成功连接到SQLite数据库: password_manager.db
2025-11-30 10:26:39,722 - core.database_manager - INFO - 数据库表初始化完成
2025-11-30 10:27:02,098 - core.database_manager - INFO - 数据库连接已关闭
2025-11-30 10:27:02,098 - core.config_manager - INFO - 配置保存成功
2025-11-30 10:41:28,065 - core.database_manager - INFO - 成功连接到SQLite数据库: password_manager.db
2025-11-30 10:41:28,065 - core.database_manager - INFO - 数据库表初始化完成
2025-11-30 10:41:49,487 - core.encryption_manager - ERROR - 解密失败: 
2025-11-30 10:41:57,227 - core.encryption_manager - ERROR - 解密失败: 
2025-11-30 10:41:57,227 - gui.main_window - ERROR - 复制密码错误: 
2025-11-30 10:52:58,099 - __main__ - CRITICAL - 未处理的异常:
Traceback (most recent call last):
  File "C:\Projects\PyCharm\passwdmgr\gui\main_window.py", line 262, in check_auto_lock
    def check_auto_lock(self):
    
KeyboardInterrupt

2025-11-30 10:53:02,093 - core.database_manager - INFO - 成功连接到SQLite数据库: password_manager.db
2025-11-30 10:53:02,093 - core.database_manager - INFO - 数据库表初始化完成
2025-11-30 10:53:09,600 - core.database_manager - INFO - 成功删除记录 ID: 5
2025-11-30 10:53:12,344 - core.database_manager - INFO - 成功删除记录 ID: 5
2025-11-30 10:53:15,630 - core.database_manager - INFO - 成功删除记录 ID: 3
2025-11-30 10:53:18,104 - core.database_manager - INFO - 成功删除记录 ID: 2
2025-11-30 10:53:47,897 - core.database_manager - INFO - 成功添加记录: test
2025-11-30 10:54:21,489 - core.database_manager - INFO - 成功更新记录: test
2025-11-30 10:54:30,786 - core.config_manager - INFO - 配置保存成功
2025-11-30 10:55:12,627 - core.database_manager - INFO - 成功更新记录: test
2025-11-30 10:55:24,858 - core.encryption_manager - ERROR - 解密失败: 
2025-11-30 10:55:25,544 - core.encryption_manager - ERROR - 解密失败: 
2025-11-30 10:55:32,135 - core.encryption_manager - ERROR - 解密失败: 
2025-11-30 10:55:33,841 - core.encryption_manager - ERROR - 解密失败: 
2025-11-30 10:55:41,225 - core.database_manager - INFO - 数据库连接已关闭
2025-11-30 10:55:41,226 - core.config_manager - INFO - 配置保存成功
2025-11-30 10:55:45,650 - core.database_manager - INFO - 成功连接到SQLite数据库: password_manager.db
2025-11-30 10:55:45,651 - core.database_manager - INFO - 数据库表初始化完成
2025-11-30 10:55:52,536 - core.encryption_manager - ERROR - 解密失败: 
2025-11-30 10:55:52,536 - gui.main_window - ERROR - 显示密码错误: 
2025-11-30 11:22:34,892 - core.database_manager - INFO - 成功连接到SQLite数据库: password_manager.db
2025-11-30 11:22:34,892 - core.database_manager - INFO - 数据库表初始化完成
2025-11-30 11:22:43,655 - core.encryption_manager - ERROR - 解密失败: 
2025-11-30 11:22:43,655 - gui.main_window - ERROR - 显示密码错误: 
2025-11-30 11:23:01,254 - core.encryption_manager - ERROR - 解密失败: 
2025-11-30 11:23:08,957 - core.encryption_manager - ERROR - 解密失败: 
2025-11-30 11:23:17,567 - core.database_manager - INFO - 成功更新记录: test
2025-11-30 11:23:23,106 - core.encryption_manager - ERROR - 解密失败: 
2025-11-30 11:23:24,151 - core.encryption_manager - ERROR - 解密失败: 
2025-11-30 11:24:03,099 - core.encryption_manager - ERROR - 解密失败: 
2025-11-30 11:24:03,796 - core.encryption_manager - ERROR - 解密失败: 
2025-11-30 11:58:16,368 - core.database_manager - INFO - 数据库连接已关闭
2025-11-30 11:58:16,369 - core.config_manager - INFO - 配置保存成功
2025-11-30 11:58:24,123 - core.database_manager - INFO - 成功连接到SQLite数据库: password_manager.db
2025-11-30 11:58:24,124 - core.database_manager - INFO - 数据库表初始化完成
2025-11-30 11:58:38,440 - core.database_manager - INFO - 数据库连接已关闭
2025-11-30 11:58:38,441 - core.config_manager - INFO - 配置保存成功
2025-11-30 11:59:15,493 - core.database_manager - INFO - 成功连接到SQLite数据库: password_manager.db
2025-11-30 11:59:15,494 - core.database_manager - INFO - 数据库表初始化完成
2025-11-30 11:59:18,634 - core.encryption_manager - ERROR - 解密失败: 
2025-11-30 11:59:20,075 - core.encryption_manager - ERROR - 解密失败: 
2025-11-30 11:59:24,860 - core.database_manager - INFO - 数据库连接已关闭
2025-11-30 11:59:24,861 - core.config_manager - INFO - 配置保存成功
2025-11-30 11:59:53,928 - core.database_manager - INFO - 成功连接到SQLite数据库: password_manager.db
2025-11-30 11:59:53,928 - core.database_manager - INFO - 数据库表初始化完成
2025-11-30 12:00:02,435 - core.encryption_manager - ERROR - 解密失败: 
2025-11-30 12:00:04,677 - core.encryption_manager - ERROR - 解密失败: 
2025-11-30 12:00:07,667 - core.database_manager - INFO - 数据库连接已关闭
2025-11-30 12:00:07,667 - core.config_manager - INFO - 配置保存成功
2025-11-30 12:02:25,083 - core.database_manager - INFO - 成功连接到SQLite数据库: password_manager.db
2025-11-30 12:02:25,084 - core.database_manager - INFO - 数据库表初始化完成
2025-11-30 12:02:29,846 - core.encryption_manager - ERROR - 解密失败: 
2025-11-30 12:02:36,281 - core.encryption_manager - ERROR - 解密失败: 
2025-11-30 12:02:49,460 - core.database_manager - INFO - 数据库连接已关闭
2025-11-30 12:02:49,460 - core.config_manager - INFO - 配置保存成功
2025-11-30 12:07:51,790 - core.database_manager - INFO - 成功连接到SQLite数据库: password_manager.db
2025-11-30 12:07:51,791 - core.database_manager - INFO - 数据库表初始化完成
2025-11-30 12:08:14,661 - core.encryption_manager - ERROR - 解密失败: 
2025-11-30 12:08:24,734 - core.encryption_manager - ERROR - 解密失败: 
