2025-12-02 09:54:54,693 - gui.icon_manager - DEBUG - 找到图标: sync -> C:\Users\EVERGA~1\AppData\Local\Temp\_MEI425882\resources\icons\sync.svg
2025-12-02 09:54:54,693 - gui.icon_manager - DEBUG - 找到图标: lock -> C:\Users\EVERGA~1\AppData\Local\Temp\_MEI425882\resources\icons\lock.svg
2025-12-02 09:54:54,693 - gui.icon_manager - DEBUG - 找到图标: unlock -> C:\Users\EVERGA~1\AppData\Local\Temp\_MEI425882\resources\icons\unlock.svg
2025-12-02 09:54:54,694 - gui.icon_manager - DEBUG - 找到图标: exit -> C:\Users\EVERGA~1\AppData\Local\Temp\_MEI425882\resources\icons\exit.svg
2025-12-02 09:54:54,694 - gui.icon_manager - DEBUG - 找到图标: add -> C:\Users\EVERGA~1\AppData\Local\Temp\_MEI425882\resources\icons\add.svg
2025-12-02 09:54:54,694 - gui.icon_manager - DEBUG - 找到图标: edit -> C:\Users\EVERGA~1\AppData\Local\Temp\_MEI425882\resources\icons\edit.svg
2025-12-02 09:54:54,694 - gui.icon_manager - DEBUG - 找到图标: delete -> C:\Users\EVERGA~1\AppData\Local\Temp\_MEI425882\resources\icons\delete.svg
2025-12-02 09:54:54,694 - gui.icon_manager - DEBUG - 找到图标: key -> C:\Users\EVERGA~1\AppData\Local\Temp\_MEI425882\resources\icons\key.svg
2025-12-02 09:54:54,695 - gui.icon_manager - DEBUG - 找到图标: category -> C:\Users\EVERGA~1\AppData\Local\Temp\_MEI425882\resources\icons\category.svg
2025-12-02 09:54:54,695 - gui.icon_manager - DEBUG - 找到图标: admin_password -> C:\Users\EVERGA~1\AppData\Local\Temp\_MEI425882\resources\icons\admin_password.svg
2025-12-02 09:54:54,695 - gui.icon_manager - DEBUG - 找到图标: settings -> C:\Users\EVERGA~1\AppData\Local\Temp\_MEI425882\resources\icons\settings.svg
2025-12-02 09:54:54,695 - gui.icon_manager - DEBUG - 找到图标: favicon -> C:\Users\EVERGA~1\AppData\Local\Temp\_MEI425882\resources\icons\favicon.png
2025-12-02 09:54:54,730 - gui.icon_manager - DEBUG - 找到图标: sync -> C:\Users\EVERGA~1\AppData\Local\Temp\_MEI425882\resources\icons\sync.svg
2025-12-02 09:54:54,737 - gui.icon_manager - DEBUG - 找到图标: unlock -> C:\Users\EVERGA~1\AppData\Local\Temp\_MEI425882\resources\icons\unlock.svg
2025-12-02 09:54:54,740 - gui.icon_manager - DEBUG - 找到图标: exit -> C:\Users\EVERGA~1\AppData\Local\Temp\_MEI425882\resources\icons\exit.svg
2025-12-02 09:54:54,742 - gui.icon_manager - DEBUG - 找到图标: add -> C:\Users\EVERGA~1\AppData\Local\Temp\_MEI425882\resources\icons\add.svg
2025-12-02 09:54:54,746 - gui.icon_manager - DEBUG - 找到图标: edit -> C:\Users\EVERGA~1\AppData\Local\Temp\_MEI425882\resources\icons\edit.svg
2025-12-02 09:54:54,749 - gui.icon_manager - DEBUG - 找到图标: delete -> C:\Users\EVERGA~1\AppData\Local\Temp\_MEI425882\resources\icons\delete.svg
2025-12-02 09:54:54,752 - gui.icon_manager - DEBUG - 找到图标: key -> C:\Users\EVERGA~1\AppData\Local\Temp\_MEI425882\resources\icons\key.svg
2025-12-02 09:54:54,755 - gui.icon_manager - DEBUG - 找到图标: category -> C:\Users\EVERGA~1\AppData\Local\Temp\_MEI425882\resources\icons\category.svg
2025-12-02 09:54:54,759 - gui.icon_manager - DEBUG - 找到图标: admin_password -> C:\Users\EVERGA~1\AppData\Local\Temp\_MEI425882\resources\icons\admin_password.svg
2025-12-02 09:54:54,763 - gui.icon_manager - DEBUG - 找到图标: settings -> C:\Users\EVERGA~1\AppData\Local\Temp\_MEI425882\resources\icons\settings.svg
2025-12-02 09:54:54,766 - gui.icon_manager - DEBUG - 找到图标: favicon -> C:\Users\EVERGA~1\AppData\Local\Temp\_MEI425882\resources\icons\favicon.png
2025-12-02 09:54:54,769 - gui.icon_manager - DEBUG - 找到图标: lock -> C:\Users\EVERGA~1\AppData\Local\Temp\_MEI425882\resources\icons\lock.svg
2025-12-02 09:54:54,773 - core.database_manager - INFO - 成功连接到SQLite数据库: password_manager.db
2025-12-02 09:54:54,808 - core.database_manager - INFO - 数据库表初始化完成
2025-12-02 09:55:13,207 - core.database_manager - INFO - 数据库连接已关闭
2025-12-02 09:55:13,208 - core.config_manager - INFO - 配置保存成功
2025-12-02 09:55:18,470 - gui.icon_manager - DEBUG - 找到图标: sync -> C:\Users\EVERGA~1\AppData\Local\Temp\_MEI452242\resources\icons\sync.svg
2025-12-02 09:55:18,471 - gui.icon_manager - DEBUG - 找到图标: lock -> C:\Users\EVERGA~1\AppData\Local\Temp\_MEI452242\resources\icons\lock.svg
2025-12-02 09:55:18,471 - gui.icon_manager - DEBUG - 找到图标: unlock -> C:\Users\EVERGA~1\AppData\Local\Temp\_MEI452242\resources\icons\unlock.svg
2025-12-02 09:55:18,471 - gui.icon_manager - DEBUG - 找到图标: exit -> C:\Users\EVERGA~1\AppData\Local\Temp\_MEI452242\resources\icons\exit.svg
2025-12-02 09:55:18,471 - gui.icon_manager - DEBUG - 找到图标: add -> C:\Users\EVERGA~1\AppData\Local\Temp\_MEI452242\resources\icons\add.svg
2025-12-02 09:55:18,472 - gui.icon_manager - DEBUG - 找到图标: edit -> C:\Users\EVERGA~1\AppData\Local\Temp\_MEI452242\resources\icons\edit.svg
2025-12-02 09:55:18,472 - gui.icon_manager - DEBUG - 找到图标: delete -> C:\Users\EVERGA~1\AppData\Local\Temp\_MEI452242\resources\icons\delete.svg
2025-12-02 09:55:18,472 - gui.icon_manager - DEBUG - 找到图标: key -> C:\Users\EVERGA~1\AppData\Local\Temp\_MEI452242\resources\icons\key.svg
2025-12-02 09:55:18,472 - gui.icon_manager - DEBUG - 找到图标: category -> C:\Users\EVERGA~1\AppData\Local\Temp\_MEI452242\resources\icons\category.svg
2025-12-02 09:55:18,472 - gui.icon_manager - DEBUG - 找到图标: admin_password -> C:\Users\EVERGA~1\AppData\Local\Temp\_MEI452242\resources\icons\admin_password.svg
2025-12-02 09:55:18,472 - gui.icon_manager - DEBUG - 找到图标: settings -> C:\Users\EVERGA~1\AppData\Local\Temp\_MEI452242\resources\icons\settings.svg
2025-12-02 09:55:18,473 - gui.icon_manager - DEBUG - 找到图标: favicon -> C:\Users\EVERGA~1\AppData\Local\Temp\_MEI452242\resources\icons\favicon.png
2025-12-02 09:55:18,518 - gui.icon_manager - DEBUG - 找到图标: sync -> C:\Users\EVERGA~1\AppData\Local\Temp\_MEI452242\resources\icons\sync.svg
2025-12-02 09:55:18,526 - gui.icon_manager - DEBUG - 找到图标: unlock -> C:\Users\EVERGA~1\AppData\Local\Temp\_MEI452242\resources\icons\unlock.svg
2025-12-02 09:55:18,530 - gui.icon_manager - DEBUG - 找到图标: exit -> C:\Users\EVERGA~1\AppData\Local\Temp\_MEI452242\resources\icons\exit.svg
2025-12-02 09:55:18,532 - gui.icon_manager - DEBUG - 找到图标: add -> C:\Users\EVERGA~1\AppData\Local\Temp\_MEI452242\resources\icons\add.svg
2025-12-02 09:55:18,535 - gui.icon_manager - DEBUG - 找到图标: edit -> C:\Users\EVERGA~1\AppData\Local\Temp\_MEI452242\resources\icons\edit.svg
2025-12-02 09:55:18,538 - gui.icon_manager - DEBUG - 找到图标: delete -> C:\Users\EVERGA~1\AppData\Local\Temp\_MEI452242\resources\icons\delete.svg
2025-12-02 09:55:18,542 - gui.icon_manager - DEBUG - 找到图标: key -> C:\Users\EVERGA~1\AppData\Local\Temp\_MEI452242\resources\icons\key.svg
2025-12-02 09:55:18,545 - gui.icon_manager - DEBUG - 找到图标: category -> C:\Users\EVERGA~1\AppData\Local\Temp\_MEI452242\resources\icons\category.svg
2025-12-02 09:55:18,548 - gui.icon_manager - DEBUG - 找到图标: admin_password -> C:\Users\EVERGA~1\AppData\Local\Temp\_MEI452242\resources\icons\admin_password.svg
2025-12-02 09:55:18,552 - gui.icon_manager - DEBUG - 找到图标: settings -> C:\Users\EVERGA~1\AppData\Local\Temp\_MEI452242\resources\icons\settings.svg
2025-12-02 09:55:18,558 - gui.icon_manager - DEBUG - 找到图标: favicon -> C:\Users\EVERGA~1\AppData\Local\Temp\_MEI452242\resources\icons\favicon.png
2025-12-02 09:55:18,561 - gui.icon_manager - DEBUG - 找到图标: lock -> C:\Users\EVERGA~1\AppData\Local\Temp\_MEI452242\resources\icons\lock.svg
2025-12-02 09:55:18,566 - core.database_manager - INFO - 成功连接到SQLite数据库: password_manager.db
2025-12-02 09:55:18,567 - core.database_manager - INFO - 数据库表初始化完成
2025-12-02 09:55:33,635 - core.database_manager - INFO - 数据库连接已关闭
2025-12-02 09:55:33,635 - core.config_manager - INFO - 配置保存成功
2025-12-02 10:05:19,353 - gui.icon_manager - DEBUG - 找到图标: sync -> C:\Users\EVERGA~1\AppData\Local\Temp\_MEI256202\resources\icons\sync.svg
2025-12-02 10:05:19,353 - gui.icon_manager - DEBUG - 找到图标: lock -> C:\Users\EVERGA~1\AppData\Local\Temp\_MEI256202\resources\icons\lock.svg
2025-12-02 10:05:19,353 - gui.icon_manager - DEBUG - 找到图标: unlock -> C:\Users\EVERGA~1\AppData\Local\Temp\_MEI256202\resources\icons\unlock.svg
2025-12-02 10:05:19,353 - gui.icon_manager - DEBUG - 找到图标: exit -> C:\Users\EVERGA~1\AppData\Local\Temp\_MEI256202\resources\icons\exit.svg
2025-12-02 10:05:19,353 - gui.icon_manager - DEBUG - 找到图标: add -> C:\Users\EVERGA~1\AppData\Local\Temp\_MEI256202\resources\icons\add.svg
2025-12-02 10:05:19,354 - gui.icon_manager - DEBUG - 找到图标: edit -> C:\Users\EVERGA~1\AppData\Local\Temp\_MEI256202\resources\icons\edit.svg
2025-12-02 10:05:19,354 - gui.icon_manager - DEBUG - 找到图标: delete -> C:\Users\EVERGA~1\AppData\Local\Temp\_MEI256202\resources\icons\delete.svg
2025-12-02 10:05:19,354 - gui.icon_manager - DEBUG - 找到图标: key -> C:\Users\EVERGA~1\AppData\Local\Temp\_MEI256202\resources\icons\key.svg
2025-12-02 10:05:19,354 - gui.icon_manager - DEBUG - 找到图标: category -> C:\Users\EVERGA~1\AppData\Local\Temp\_MEI256202\resources\icons\category.svg
2025-12-02 10:05:19,354 - gui.icon_manager - DEBUG - 找到图标: admin_password -> C:\Users\EVERGA~1\AppData\Local\Temp\_MEI256202\resources\icons\admin_password.svg
2025-12-02 10:05:19,354 - gui.icon_manager - DEBUG - 找到图标: settings -> C:\Users\EVERGA~1\AppData\Local\Temp\_MEI256202\resources\icons\settings.svg
2025-12-02 10:05:19,354 - gui.icon_manager - DEBUG - 找到图标: favicon -> C:\Users\EVERGA~1\AppData\Local\Temp\_MEI256202\resources\icons\favicon.png
2025-12-02 10:05:19,388 - gui.icon_manager - DEBUG - 找到图标: sync -> C:\Users\EVERGA~1\AppData\Local\Temp\_MEI256202\resources\icons\sync.svg
2025-12-02 10:05:19,395 - gui.icon_manager - DEBUG - 找到图标: unlock -> C:\Users\EVERGA~1\AppData\Local\Temp\_MEI256202\resources\icons\unlock.svg
2025-12-02 10:05:19,398 - gui.icon_manager - DEBUG - 找到图标: exit -> C:\Users\EVERGA~1\AppData\Local\Temp\_MEI256202\resources\icons\exit.svg
2025-12-02 10:05:19,401 - gui.icon_manager - DEBUG - 找到图标: add -> C:\Users\EVERGA~1\AppData\Local\Temp\_MEI256202\resources\icons\add.svg
2025-12-02 10:05:19,403 - gui.icon_manager - DEBUG - 找到图标: edit -> C:\Users\EVERGA~1\AppData\Local\Temp\_MEI256202\resources\icons\edit.svg
2025-12-02 10:05:19,405 - gui.icon_manager - DEBUG - 找到图标: delete -> C:\Users\EVERGA~1\AppData\Local\Temp\_MEI256202\resources\icons\delete.svg
2025-12-02 10:05:19,407 - gui.icon_manager - DEBUG - 找到图标: key -> C:\Users\EVERGA~1\AppData\Local\Temp\_MEI256202\resources\icons\key.svg
2025-12-02 10:05:19,412 - gui.icon_manager - DEBUG - 找到图标: category -> C:\Users\EVERGA~1\AppData\Local\Temp\_MEI256202\resources\icons\category.svg
2025-12-02 10:05:19,414 - gui.icon_manager - DEBUG - 找到图标: admin_password -> C:\Users\EVERGA~1\AppData\Local\Temp\_MEI256202\resources\icons\admin_password.svg
2025-12-02 10:05:19,416 - gui.icon_manager - DEBUG - 找到图标: settings -> C:\Users\EVERGA~1\AppData\Local\Temp\_MEI256202\resources\icons\settings.svg
2025-12-02 10:05:19,419 - gui.icon_manager - DEBUG - 找到图标: favicon -> C:\Users\EVERGA~1\AppData\Local\Temp\_MEI256202\resources\icons\favicon.png
2025-12-02 10:05:19,421 - gui.icon_manager - DEBUG - 找到图标: lock -> C:\Users\EVERGA~1\AppData\Local\Temp\_MEI256202\resources\icons\lock.svg
2025-12-02 10:05:19,424 - core.database_manager - INFO - 成功连接到SQLite数据库: password_manager.db
2025-12-02 10:05:19,425 - core.database_manager - INFO - 数据库表初始化完成
2025-12-02 10:05:49,808 - core.database_manager - INFO - 数据库连接已关闭
2025-12-02 10:05:49,809 - core.config_manager - INFO - 配置保存成功
